2025-04-01 08:15:23 [INFO] Server started on port 8080
2025-04-01 08:16:45 [INFO] Database connection established
2025-04-01 08:17:12 [WARNING] High memory usage detected: 75%
2025-04-01 08:30:55 [INFO] User jack.smith logged in
2025-04-01 08:45:23 [ERROR] Failed to process payment for order #12345
2025-04-01 08:52:18 [INFO] User emma.jones logged in
2025-04-01 09:05:33 [INFO] Processing daily report
2025-04-01 09:15:42 [ERROR] Database query timeout after 30 seconds
2025-04-01 09:30:55 [WARNING] Disk usage exceeds 80% on /dev/sda1
2025-04-01 09:45:23 [INFO] Backup process started
2025-04-01 10:12:09 [INFO] User admin logged in
2025-04-01 10:30:42 [ERROR] Failed to connect to API endpoint: timeout
2025-04-01 10:45:19 [INFO] User jack.smith logged out
2025-04-01 11:05:18 [WARNING] CPU usage above 90% for 5 minutes
2025-04-01 11:30:42 [INFO] Daily backup completed: 1.2GB
2025-04-01 11:45:19 [INFO] User emma.jones logged out
2025-04-01 12:05:18 [INFO] Server cache cleared
2025-04-01 12:30:42 [INFO] User admin logged out
2025-04-01 12:45:19 [INFO] Server entering maintenance mode
2025-04-01 13:05:18 [INFO] System updates started
2025-04-01 13:30:42 [ERROR] Update failed: package conflicts detected
2025-04-01 13:45:19 [INFO] Server exited maintenance mode
2025-04-01 14:05:18 [INFO] User admin logged in
2025-04-01 14:30:42 [INFO] Configuration changes applied
2025-04-01 14:45:19 [INFO] User admin logged out
2025-04-01 15:05:18 [WARNING] Suspicious login attempts detected from IP 192.168.1.155
2025-04-01 15:30:42 [INFO] Security scan started
2025-04-01 15:45:19 [INFO] Security scan completed: no threats found
2025-04-01 15:55:37 [INFO] Server performance optimization enabled